<?xml version="1.0" encoding="UTF-8"?>
<!-- Generated by org.testng.reporters.JUnitXMLReporter -->
<testsuite ignored="1" hostname="LAPTOP-5MU2HV3U" failures="0" tests="4" name="Car loan" time="0.03" errors="0" timestamp="24 Mar 2019 22:02:38 GMT">
  <testcase classname="test.Day3" name="LoginApiCar" time="0.005"/>
  <testcase classname="test.Day3" name="LoginApiCar" time="0.0"/>
  <testcase classname="test.Day3" name="LoginApiCar" time="0.0"/>
  <testcase classname="test.Day3" name="webLoginCarLoan" time="0.01"/>
  <testcase classname="test.Day3" name="MobileLoginCarLoan" time="0.0">
    <ignored/>
  </testcase> <!-- MobileLoginCarLoan -->
</testsuite> <!-- Car loan -->
