<?xml version="1.0" encoding="UTF-8"?>
<!-- Generated by org.testng.reporters.JUnitXMLReporter -->
<testsuite ignored="1" hostname="LAPTOP-5MU2HV3U" failures="0" tests="4" name="Car loan" time="0.062" errors="0" timestamp="25 Mar 2019 03:11:03 GMT">
  <testcase classname="test.Day3" name="LoginApiCar" time="0.004"/>
  <testcase classname="test.Day3" name="LoginApiCar" time="0.002"/>
  <testcase classname="test.Day3" name="LoginApiCar" time="0.006"/>
  <testcase classname="test.Day3" name="webLoginCarLoan" time="0.004"/>
  <testcase classname="test.Day3" name="MobileLoginCarLoan" time="0.0">
    <ignored/>
  </testcase> <!-- MobileLoginCarLoan -->
</testsuite> <!-- Car loan -->
