<?xml version="1.0" encoding="UTF-8"?>
<!-- Generated by org.testng.reporters.JUnitXMLReporter -->
<testsuite ignored="0" hostname="LAPTOP-5MU2HV3U" failures="0" tests="3" name="Personal loan" time="0.052" errors="0" timestamp="25 Mar 2019 03:11:03 GMT">
  <testcase classname="test.Day2" name="ploan" time="0.009"/>
  <testcase classname="test.Day4" name="MobileLoginHomeLogin" time="0.001"/>
  <testcase classname="test.Day4" name="webLoginHomeLoan" time="0.001"/>
</testsuite> <!-- Personal loan -->
