<?xml version="1.0" encoding="UTF-8"?>
<!-- Generated by org.testng.reporters.JUnitXMLReporter -->
<testsuite ignored="0" hostname="LAPTOP-5MU2HV3U" failures="1" tests="3" name="Personal loan" time="0.03" errors="0" timestamp="24 Mar 2019 22:02:38 GMT">
  <testcase classname="test.Day2" name="ploan" time="0.002"/>
  <testcase classname="test.Day4" name="MobileLoginHomeLogin" time="0.0">
    <failure type="java.lang.Error" message="Unresolved compilation problems: 
	Syntax error on token &amp;quot;.&amp;quot;, delete this token
	Type mismatch: cannot convert from void to boolean
">
      <![CDATA[java.lang.Error: Unresolved compilation problems: 
Syntax error on token ".", delete this token
Type mismatch: cannot convert from void to boolean

at test.Day4.MobileLoginHomeLogin(Day4.java:21)
at java.base/java.util.concurrent.FutureTask.run(Unknown Source)
at java.base/java.util.concurrent.ThreadPoolExecutor.runWorker(Unknown Source)
at java.base/java.util.concurrent.ThreadPoolExecutor$Worker.run(Unknown Source)
at java.base/java.lang.Thread.run(Unknown Source)
... Removed 16 stack frames]]>
    </failure>
  </testcase> <!-- MobileLoginHomeLogin -->
  <testcase classname="test.Day4" name="webLoginHomeLoan" time="0.0"/>
</testsuite> <!-- Personal loan -->
