<?xml version="1.0" encoding="UTF-8"?>
<!-- Generated by org.testng.reporters.JUnitXMLReporter -->
<testsuite ignored="4" hostname="LAPTOP-5MU2HV3U" failures="0" tests="3" name="Regression" time="0.023" errors="0" timestamp="24 Mar 2019 20:34:52 GMT">
  <testcase classname="test.Day1" name="secondTest" time="0.0"/>
  <testcase classname="test.Day3" name="MobileLoginCarLoan" time="0.0"/>
  <testcase classname="test.Day4" name="webLoginHomeLoan" time="0.0"/>
  <testcase classname="test.Day3" name="webLoginCarLoan" time="0.0">
    <ignored/>
  </testcase> <!-- webLoginCarLoan -->
  <testcase classname="test.Day3" name="LoginApiCar" time="0.0">
    <ignored/>
  </testcase> <!-- LoginApiCar -->
  <testcase classname="test.Day1" name="demo" time="0.0">
    <ignored/>
  </testcase> <!-- demo -->
  <testcase classname="test.Day2" name="ploan" time="0.0">
    <ignored/>
  </testcase> <!-- ploan -->
</testsuite> <!-- Regression -->
