<?xml version="1.0" encoding="UTF-8"?>
<!-- Generated by org.testng.reporters.JUnitXMLReporter -->
<testsuite ignored="0" hostname="LAPTOP-5MU2HV3U" failures="0" tests="3" name="Default test" time="6.471" errors="0" timestamp="26 Mar 2019 17:51:41 GMT">
  <testcase classname="test.Annot2" name="Login" time="3.346"/>
  <testcase classname="test.Annot2" name="software" time="0.001"/>
  <testcase classname="test.DependencyAnnot" name="openingBrowser" time="3.096"/>
</testsuite> <!-- Default test -->
