<?xml version="1.0" encoding="UTF-8"?>
<!-- Generated by org.testng.reporters.JUnitXMLReporter -->
<testsuite ignored="1" hostname="LAPTOP-5MU2HV3U" failures="0" tests="3" name="number tests" time="0.022" errors="0" timestamp="23 Mar 2019 20:53:45 GMT">
  <testcase classname="test.One" name="oneofOne" time="0.016"/>
  <testcase classname="test.One" name="twoOfone" time="0.0"/>
  <testcase classname="test.Two" name="OneOfTwo" time="0.006"/>
  <testcase classname="test.Two" name="TwoOfTwo" time="0.0">
    <ignored/>
  </testcase> <!-- TwoOfTwo -->
</testsuite> <!-- number tests -->
