<?xml version="1.0" encoding="UTF-8"?>
<!-- Generated by org.testng.reporters.JUnitXMLReporter -->
<testsuite ignored="1" hostname="LAPTOP-5MU2HV3U" failures="0" tests="3" name="number tests" time="0.037" errors="0" timestamp="25 Mar 2019 03:10:37 GMT">
  <testcase classname="test.One" name="oneofOne" time="0.008"/>
  <testcase classname="test.One" name="twoOfone" time="0.001"/>
  <testcase classname="test.Two" name="OneOfTwo" time="0.002"/>
  <testcase classname="test.Two" name="TwoOfTwo" time="0.0">
    <ignored/>
  </testcase> <!-- TwoOfTwo -->
</testsuite> <!-- number tests -->
