<?xml version="1.0" encoding="UTF-8"?>
<testng-results ignored="0" total="3" passed="3" failed="0" skipped="0">
  <reporter-output>
  </reporter-output>
  <suite started-at="2019-03-26T17:51:35Z" name="Default suite" finished-at="2019-03-26T17:51:41Z" duration-ms="6471">
    <groups>
    </groups>
    <test started-at="2019-03-26T17:51:35Z" name="Default test" finished-at="2019-03-26T17:51:41Z" duration-ms="6471">
      <class name="test.DependencyAnnot">
        <test-method signature="Login()[pri:0, instance:test.DependencyAnnot@31f9b85e]" started-at="2019-03-26T17:51:35Z" name="Login" finished-at="2019-03-26T17:51:38Z" duration-ms="3346" status="PASS">
          <reporter-output>
          </reporter-output>
        </test-method> <!-- Login -->
        <test-method signature="software()[pri:0, instance:test.DependencyAnnot@31f9b85e]" started-at="2019-03-26T17:51:38Z" name="software" finished-at="2019-03-26T17:51:38Z" duration-ms="1" status="PASS">
          <reporter-output>
          </reporter-output>
        </test-method> <!-- software -->
        <test-method signature="openingBrowser()[pri:0, instance:test.DependencyAnnot@31f9b85e]" started-at="2019-03-26T17:51:38Z" name="openingBrowser" finished-at="2019-03-26T17:51:41Z" duration-ms="3096" status="PASS">
          <reporter-output>
          </reporter-output>
        </test-method> <!-- openingBrowser -->
        <test-method is-config="true" signature="deinstallSoftware()[pri:0, instance:test.DependencyAnnot@31f9b85e]" started-at="2019-03-26T17:51:41Z" name="deinstallSoftware" finished-at="2019-03-26T17:51:41Z" duration-ms="0" status="PASS">
          <reporter-output>
          </reporter-output>
        </test-method> <!-- deinstallSoftware -->
      </class> <!-- test.DependencyAnnot -->
    </test> <!-- Default test -->
  </suite> <!-- Default suite -->
</testng-results>
